[INFO] [Config] Looking for config in: "/home/boaz/.config/retroarch/retroarch.cfg".
[INFO] RetroArch 1.22.2 (Git c071f54)
[INFO] === Build =======================================
[INFO] CPU Model Name: 12th Gen Intel(R) Core(TM) i7-12800H
[INFO] Capabilities: MMX MMXEXT SSE SSE2 SSE3 SSSE3 SSE4 SSE42 AES AVX AVX2 
[INFO] Version: 1.22.2
[INFO] Git: c071f54
[INFO] Built: Dec 25 2025
[INFO] =================================================
[INFO] [Input] Found input driver: "x".
[ERROR] Couldn't find any camera driver named "video4linux2"
[INFO] Available camera drivers are:
[INFO] 	null
[WARN] Going to default to first camera driver...
[INFO] [Environ] SET_PIXEL_FORMAT: RGB565.
[INFO] [Core] Version of libretro API: 1, Compiled against API: 1
[INFO] [Core] Geometry: 320x240, Aspect: 1.333, FPS: 60.00, Sample rate: 48000.00 Hz.
[INFO] [Video] Set video size to: fullscreen.
[INFO] [EGL] Found EGL client version >= 1.5, trying eglGetPlatformDisplay.
[INFO] [EGL] EGL version: 1.5.
[INFO] [GL] Found GL context: "egl_x".
[INFO] [GL] Detecting screen resolution: 1920x1080.
[INFO] [XINERAMA] Xinerama version: 1.1.
[INFO] [XINERAMA] Xinerama screens: 1.
[INFO] [X/EGL] Using Xinerama on screen #0.
[INFO] [EGL] Current context: 0x6511efb3d6e0.
[INFO] [X/EGL] Using windowed fullscreen.
[INFO] [GL] Vendor: Mesa, Renderer: llvmpipe (LLVM 20.1.2, 256 bits).
[INFO] [GL] Version: OpenGL ES 3.2 Mesa 25.0.7-0ubuntu0.24.04.2.
[INFO] [GL] Using resolution 1920x1080.
[INFO] [GL] Default shader backend found: glsl.
[INFO] [GL] Using GLSL shader backend.
[WARN] [GLSL] Stock GLSL shaders will be used.
[INFO] [GLSL] Found GLSL vertex shader.
[INFO] [GLSL] Found GLSL fragment shader.
[INFO] [GLSL] Linking GLSL program.
[INFO] [GLSL] Found GLSL vertex shader.
[INFO] [GLSL] Found GLSL fragment shader.
[INFO] [GLSL] Linking GLSL program.
[INFO] [GLSL] Found GLSL vertex shader.
[INFO] [GLSL] Found GLSL fragment shader.
[INFO] [GLSL] Linking GLSL program.
[INFO] [GL] Setting up menu pipeline shaders for XMB...
[INFO] [GLSL] Compiling ribbon shader...
[INFO] [GLSL] Found GLSL vertex shader.
[INFO] [GLSL] Using GLSL version 300 es.
[INFO] [GLSL] Found GLSL fragment shader.
[INFO] [GLSL] Using GLSL version 300 es.
[INFO] [GLSL] Linking GLSL program.
[INFO] [GLSL] Compiling simple ribbon shader...
[INFO] [GLSL] Found GLSL vertex shader.
[INFO] [GLSL] Found GLSL fragment shader.
[INFO] [GLSL] Linking GLSL program.
[INFO] [GLSL] Compiling snow shader...
[INFO] [GLSL] Found GLSL vertex shader.
[INFO] [GLSL] Found GLSL fragment shader.
[INFO] [GLSL] Linking GLSL program.
[INFO] [GLSL] Compiling modern snow shader...
[INFO] [GLSL] Found GLSL vertex shader.
[INFO] [GLSL] Found GLSL fragment shader.
[INFO] [GLSL] Linking GLSL program.
[INFO] [GLSL] Compiling bokeh shader...
[INFO] [GLSL] Found GLSL vertex shader.
[INFO] [GLSL] Found GLSL fragment shader.
[INFO] [GLSL] Linking GLSL program.
[INFO] [GLSL] Compiling snowflake shader...
[INFO] [GLSL] Found GLSL vertex shader.
[INFO] [GLSL] Found GLSL fragment shader.
[INFO] [GLSL] Linking GLSL program.
[INFO] [GL] Using 4 textures.
[INFO] [GL] Loaded 1 program(s).
[INFO] [X11] Master pointer, 2 "Virtual core pointer".
[INFO] [Input] Found joypad driver: "udev".
[INFO] [X11] Suspending screensaver (X11, xdg-screensaver).
[INFO] [Video] Found display server: "x11".
[INFO] [Audio] Set audio input rate to: 48000.00 Hz.
[INFO] [PulseAudio] Requested 49152 bytes buffer, got 32256.
[INFO] [Audio] Started synchronous audio driver.
[INFO] [ALSA] Using ALSA version 1.2.11
[INFO] [Microphone] Initialized microphone driver.
[INFO] [Display] Found display driver: "gl".
[ERROR] [MIDI] snd_seq_open failed with error -2.
[ERROR] [MIDI] Initialization failed.
[INFO] [Playlist] Loading favorites file: "/home/boaz/.config/retroarch/playlists/builtin/content_favorites.lpl".
[INFO] [Playlist] Loading history file: "/home/boaz/.config/retroarch/playlists/builtin/content_history.lpl".
[INFO] [Playlist] Loading history file: "/home/boaz/.config/retroarch/playlists/builtin/content_image_history.lpl".
[INFO] [Playlist] Loading history file: "/home/boaz/.config/retroarch/playlists/builtin/content_music_history.lpl".
[INFO] [Config] Saved config to "/home/boaz/.config/retroarch/retroarch.cfg".
[INFO] [Core] Unloading core...
[INFO] [Core] Unloading core symbols...
[INFO] [XINERAMA] Xinerama version: 1.1.
[INFO] [XINERAMA] Xinerama screens: 1.
[INFO] [XINERAMA] Saved monitor #0.
