The system is: Linux - arm-binfmt-P: Could not open '/lib/ld-linux-armhf.so.3': No such file or directory - unknown
Compiling the C compiler identification source file "CMakeCCompilerId.c" succeeded.
Compiler: /usr/bin/arm-linux-gnueabihf-gcc 
Build flags: -O3;-U_TIME_BITS;-D_TIME_BITS=32;-isystem;/usr/include
Id flags:  

The output was:
0


Compilation of the C compiler identification source "CMakeCCompilerId.c" produced "a.out"

The C compiler identification is GNU, found in "/src/CMakeFiles/3.18.4/CompilerIdC/a.out"

Compiling the CXX compiler identification source file "CMakeCXXCompilerId.cpp" succeeded.
Compiler: /usr/bin/arm-linux-gnueabihf-g++ 
Build flags: -O3;-U_TIME_BITS;-D_TIME_BITS=32;-D_GLIBCXX_USE_CXX11_ABI=0;-DBMSX_SNESMINI_LEGACY=1;-fno-sized-deallocation;-isystem;/usr/include
Id flags:  

The output was:
0


Compilation of the CXX compiler identification source "CMakeCXXCompilerId.cpp" produced "a.out"

The CXX compiler identification is GNU, found in "/src/CMakeFiles/3.18.4/CompilerIdCXX/a.out"

Detecting C compiler ABI info compiled with the following output:
Change Dir: /src/CMakeFiles/CMakeTmp

Run Build Command(s):/usr/bin/gmake cmTC_141ca/fast && gmake[1]: Entering directory '/src/CMakeFiles/CMakeTmp'
/usr/bin/gmake  -f CMakeFiles/cmTC_141ca.dir/build.make CMakeFiles/cmTC_141ca.dir/build
gmake[2]: Entering directory '/src/CMakeFiles/CMakeTmp'
Building C object CMakeFiles/cmTC_141ca.dir/CMakeCCompilerABI.c.o
/usr/bin/arm-linux-gnueabihf-gcc --sysroot=/src/.snesmini/sysroot   -O3 -U_TIME_BITS -D_TIME_BITS=32 -isystem /usr/include    -v -o CMakeFiles/cmTC_141ca.dir/CMakeCCompilerABI.c.o -c /usr/share/cmake-3.18/Modules/CMakeCCompilerABI.c
Using built-in specs.
COLLECT_GCC=/usr/bin/arm-linux-gnueabihf-gcc
Target: arm-linux-gnueabihf
Configured with: ../src/configure -v --with-pkgversion='Debian 10.2.1-6' --with-bugurl=file:///usr/share/doc/gcc-10/README.Bugs --enable-languages=c,ada,c++,go,d,fortran,objc,obj-c++,m2 --prefix=/usr --with-gcc-major-version-only --program-suffix=-10 --enable-shared --enable-linker-build-id --libexecdir=/usr/lib --without-included-gettext --enable-threads=posix --libdir=/usr/lib --enable-nls --with-sysroot=/ --enable-clocale=gnu --enable-libstdcxx-debug --enable-libstdcxx-time=yes --with-default-libstdcxx-abi=new --enable-gnu-unique-object --disable-libitm --disable-libquadmath --disable-libquadmath-support --enable-plugin --enable-default-pie --with-system-zlib --enable-libphobos-checking=release --without-target-system-zlib --enable-multiarch --disable-sjlj-exceptions --with-arch=armv7-a --with-fpu=vfpv3-d16 --with-float=hard --with-mode=thumb --disable-werror --enable-checking=release --build=x86_64-linux-gnu --host=x86_64-linux-gnu --target=arm-linux-gnueabihf --program-prefix=arm-linux-gnueabihf- --includedir=/usr/arm-linux-gnueabihf/include --with-build-config=bootstrap-lto-lean --enable-link-mutex
Thread model: posix
Supported LTO compression algorithms: zlib
gcc version 10.2.1 20210110 (Debian 10.2.1-6) 
COLLECT_GCC_OPTIONS='-O3' '-U' '_TIME_BITS' '-D' '_TIME_BITS=32' '-isystem' '/usr/include' '-v' '-o' 'CMakeFiles/cmTC_141ca.dir/CMakeCCompilerABI.c.o' '-c'  '-mfloat-abi=hard' '-mfpu=vfpv3-d16' '-mthumb' '-mtls-dialect=gnu' '-march=armv7-a+fp'
 /usr/lib/gcc-cross/arm-linux-gnueabihf/10/cc1 -quiet -v -imultilib . -imultiarch arm-linux-gnueabihf -isysroot /src/.snesmini/sysroot -U _TIME_BITS -D _TIME_BITS=32 -isystem /usr/include /usr/share/cmake-3.18/Modules/CMakeCCompilerABI.c -quiet -dumpbase CMakeCCompilerABI.c -mfloat-abi=hard -mfpu=vfpv3-d16 -mthumb -mtls-dialect=gnu -march=armv7-a+fp -auxbase-strip CMakeFiles/cmTC_141ca.dir/CMakeCCompilerABI.c.o -O3 -version -o /tmp/cc0greJg.s
GNU C17 (Debian 10.2.1-6) version 10.2.1 20210110 (arm-linux-gnueabihf)
	compiled by GNU C version 10.2.1 20210110, GMP version 6.2.1, MPFR version 4.1.0, MPC version 1.2.0, isl version isl-0.23-GMP

GGC heuristics: --param ggc-min-expand=100 --param ggc-min-heapsize=131072
ignoring nonexistent directory "/src/.snesmini/sysroot/usr/local/include/arm-linux-gnueabihf"
ignoring nonexistent directory "/usr/lib/gcc-cross/arm-linux-gnueabihf/10/include-fixed"
#include "..." search starts here:
#include <...> search starts here:
 /usr/include
 /usr/lib/gcc-cross/arm-linux-gnueabihf/10/include
 /usr/lib/gcc-cross/arm-linux-gnueabihf/10/../../../../arm-linux-gnueabihf/include
 /src/.snesmini/sysroot/usr/include/arm-linux-gnueabihf
 /src/.snesmini/sysroot/usr/include
End of search list.
GNU C17 (Debian 10.2.1-6) version 10.2.1 20210110 (arm-linux-gnueabihf)
	compiled by GNU C version 10.2.1 20210110, GMP version 6.2.1, MPFR version 4.1.0, MPC version 1.2.0, isl version isl-0.23-GMP

GGC heuristics: --param ggc-min-expand=100 --param ggc-min-heapsize=131072
Compiler executable checksum: dd5f470adffa0b8039eeb3a6787e0529
COLLECT_GCC_OPTIONS='-O3' '-U' '_TIME_BITS' '-D' '_TIME_BITS=32' '-isystem' '/usr/include' '-v' '-o' 'CMakeFiles/cmTC_141ca.dir/CMakeCCompilerABI.c.o' '-c'  '-mfloat-abi=hard' '-mfpu=vfpv3-d16' '-mthumb' '-mtls-dialect=gnu' '-march=armv7-a+fp'
 /usr/lib/gcc-cross/arm-linux-gnueabihf/10/../../../../arm-linux-gnueabihf/bin/as -v -march=armv7-a -mfloat-abi=hard -mfpu=vfpv3-d16 -meabi=5 -o CMakeFiles/cmTC_141ca.dir/CMakeCCompilerABI.c.o /tmp/cc0greJg.s
GNU assembler version 2.35.2 (arm-linux-gnueabihf) using BFD version (GNU Binutils for Debian) 2.35.2
COMPILER_PATH=/usr/lib/gcc-cross/arm-linux-gnueabihf/10/:/usr/lib/gcc-cross/arm-linux-gnueabihf/10/:/usr/lib/gcc-cross/arm-linux-gnueabihf/:/usr/lib/gcc-cross/arm-linux-gnueabihf/10/:/usr/lib/gcc-cross/arm-linux-gnueabihf/:/usr/lib/gcc-cross/arm-linux-gnueabihf/10/../../../../arm-linux-gnueabihf/bin/
LIBRARY_PATH=/usr/lib/gcc-cross/arm-linux-gnueabihf/10/:/usr/lib/gcc-cross/arm-linux-gnueabihf/10/../../../../arm-linux-gnueabihf/lib/:/src/.snesmini/sysroot/lib/arm-linux-gnueabihf/:/src/.snesmini/sysroot/lib/:/src/.snesmini/sysroot/usr/lib/arm-linux-gnueabihf/:/src/.snesmini/sysroot/usr/lib/
COLLECT_GCC_OPTIONS='-O3' '-U' '_TIME_BITS' '-D' '_TIME_BITS=32' '-isystem' '/usr/include' '-v' '-o' 'CMakeFiles/cmTC_141ca.dir/CMakeCCompilerABI.c.o' '-c'  '-mfloat-abi=hard' '-mfpu=vfpv3-d16' '-mthumb' '-mtls-dialect=gnu' '-march=armv7-a+fp'
Linking C executable cmTC_141ca
/usr/bin/cmake -E cmake_link_script CMakeFiles/cmTC_141ca.dir/link.txt --verbose=1
/usr/bin/arm-linux-gnueabihf-gcc --sysroot=/src/.snesmini/sysroot -O3 -U_TIME_BITS -D_TIME_BITS=32 -isystem /usr/include  -L/src/.snesmini/sysroot/usr/lib/arm-linux-gnueabihf -L/src/.snesmini/sysroot/lib/arm-linux-gnueabihf -Wl,-rpath-link,/src/.snesmini/sysroot/usr/lib/arm-linux-gnueabihf:/src/.snesmini/sysroot/lib/arm-linux-gnueabihf -static-libstdc++ -static-libgcc -v CMakeFiles/cmTC_141ca.dir/CMakeCCompilerABI.c.o -o cmTC_141ca 
Using built-in specs.
COLLECT_GCC=/usr/bin/arm-linux-gnueabihf-gcc
COLLECT_LTO_WRAPPER=/usr/lib/gcc-cross/arm-linux-gnueabihf/10/lto-wrapper
Target: arm-linux-gnueabihf
Configured with: ../src/configure -v --with-pkgversion='Debian 10.2.1-6' --with-bugurl=file:///usr/share/doc/gcc-10/README.Bugs --enable-languages=c,ada,c++,go,d,fortran,objc,obj-c++,m2 --prefix=/usr --with-gcc-major-version-only --program-suffix=-10 --enable-shared --enable-linker-build-id --libexecdir=/usr/lib --without-included-gettext --enable-threads=posix --libdir=/usr/lib --enable-nls --with-sysroot=/ --enable-clocale=gnu --enable-libstdcxx-debug --enable-libstdcxx-time=yes --with-default-libstdcxx-abi=new --enable-gnu-unique-object --disable-libitm --disable-libquadmath --disable-libquadmath-support --enable-plugin --enable-default-pie --with-system-zlib --enable-libphobos-checking=release --without-target-system-zlib --enable-multiarch --disable-sjlj-exceptions --with-arch=armv7-a --with-fpu=vfpv3-d16 --with-float=hard --with-mode=thumb --disable-werror --enable-checking=release --build=x86_64-linux-gnu --host=x86_64-linux-gnu --target=arm-linux-gnueabihf --program-prefix=arm-linux-gnueabihf- --includedir=/usr/arm-linux-gnueabihf/include --with-build-config=bootstrap-lto-lean --enable-link-mutex
Thread model: posix
Supported LTO compression algorithms: zlib
gcc version 10.2.1 20210110 (Debian 10.2.1-6) 
COMPILER_PATH=/usr/lib/gcc-cross/arm-linux-gnueabihf/10/:/usr/lib/gcc-cross/arm-linux-gnueabihf/10/:/usr/lib/gcc-cross/arm-linux-gnueabihf/:/usr/lib/gcc-cross/arm-linux-gnueabihf/10/:/usr/lib/gcc-cross/arm-linux-gnueabihf/:/usr/lib/gcc-cross/arm-linux-gnueabihf/10/../../../../arm-linux-gnueabihf/bin/
LIBRARY_PATH=/usr/lib/gcc-cross/arm-linux-gnueabihf/10/:/usr/lib/gcc-cross/arm-linux-gnueabihf/10/../../../../arm-linux-gnueabihf/lib/:/src/.snesmini/sysroot/lib/arm-linux-gnueabihf/:/src/.snesmini/sysroot/lib/:/src/.snesmini/sysroot/usr/lib/arm-linux-gnueabihf/:/src/.snesmini/sysroot/usr/lib/
COLLECT_GCC_OPTIONS='-O3' '-U' '_TIME_BITS' '-D' '_TIME_BITS=32' '-isystem' '/usr/include' '-L/src/.snesmini/sysroot/usr/lib/arm-linux-gnueabihf' '-L/src/.snesmini/sysroot/lib/arm-linux-gnueabihf' '-static-libstdc++' '-static-libgcc' '-v' '-o' 'cmTC_141ca'  '-mfloat-abi=hard' '-mfpu=vfpv3-d16' '-mthumb' '-mtls-dialect=gnu' '-march=armv7-a+fp'
 /usr/lib/gcc-cross/arm-linux-gnueabihf/10/collect2 -plugin /usr/lib/gcc-cross/arm-linux-gnueabihf/10/liblto_plugin.so -plugin-opt=/usr/lib/gcc-cross/arm-linux-gnueabihf/10/lto-wrapper -plugin-opt=-fresolution=/tmp/ccrUDasM.res -plugin-opt=-pass-through=-lgcc -plugin-opt=-pass-through=-lgcc_eh -plugin-opt=-pass-through=-lc -plugin-opt=-pass-through=-lgcc -plugin-opt=-pass-through=-lgcc_eh --sysroot=/src/.snesmini/sysroot --build-id --eh-frame-hdr -dynamic-linker /lib/ld-linux-armhf.so.3 -X --hash-style=gnu --as-needed -m armelf_linux_eabi -pie -o cmTC_141ca /usr/lib/gcc-cross/arm-linux-gnueabihf/10/../../../../arm-linux-gnueabihf/lib/Scrt1.o /usr/lib/gcc-cross/arm-linux-gnueabihf/10/../../../../arm-linux-gnueabihf/lib/crti.o /usr/lib/gcc-cross/arm-linux-gnueabihf/10/crtbeginS.o -L/src/.snesmini/sysroot/usr/lib/arm-linux-gnueabihf -L/src/.snesmini/sysroot/lib/arm-linux-gnueabihf -L/usr/lib/gcc-cross/arm-linux-gnueabihf/10 -L/usr/lib/gcc-cross/arm-linux-gnueabihf/10/../../../../arm-linux-gnueabihf/lib -L/src/.snesmini/sysroot/lib/arm-linux-gnueabihf -L/src/.snesmini/sysroot/lib -L/src/.snesmini/sysroot/usr/lib/arm-linux-gnueabihf -L/src/.snesmini/sysroot/usr/lib -rpath-link /src/.snesmini/sysroot/usr/lib/arm-linux-gnueabihf:/src/.snesmini/sysroot/lib/arm-linux-gnueabihf CMakeFiles/cmTC_141ca.dir/CMakeCCompilerABI.c.o -lgcc -lgcc_eh -lc -lgcc -lgcc_eh /usr/lib/gcc-cross/arm-linux-gnueabihf/10/crtendS.o /usr/lib/gcc-cross/arm-linux-gnueabihf/10/../../../../arm-linux-gnueabihf/lib/crtn.o
COLLECT_GCC_OPTIONS='-O3' '-U' '_TIME_BITS' '-D' '_TIME_BITS=32' '-isystem' '/usr/include' '-L/src/.snesmini/sysroot/usr/lib/arm-linux-gnueabihf' '-L/src/.snesmini/sysroot/lib/arm-linux-gnueabihf' '-static-libstdc++' '-static-libgcc' '-v' '-o' 'cmTC_141ca'  '-mfloat-abi=hard' '-mfpu=vfpv3-d16' '-mthumb' '-mtls-dialect=gnu' '-march=armv7-a+fp'
gmake[2]: Leaving directory '/src/CMakeFiles/CMakeTmp'
gmake[1]: Leaving directory '/src/CMakeFiles/CMakeTmp'



Parsed C implicit include dir info from above output: rv=done
  found start of include info
  found start of implicit include info
    add: [/usr/include]
    add: [/usr/lib/gcc-cross/arm-linux-gnueabihf/10/include]
    add: [/usr/lib/gcc-cross/arm-linux-gnueabihf/10/../../../../arm-linux-gnueabihf/include]
    add: [/src/.snesmini/sysroot/usr/include/arm-linux-gnueabihf]
    add: [/src/.snesmini/sysroot/usr/include]
  end of search list found
  collapse include dir [/usr/include] ==> [/usr/include]
  collapse include dir [/usr/lib/gcc-cross/arm-linux-gnueabihf/10/include] ==> [/usr/lib/gcc-cross/arm-linux-gnueabihf/10/include]
  collapse include dir [/usr/lib/gcc-cross/arm-linux-gnueabihf/10/../../../../arm-linux-gnueabihf/include] ==> [/usr/arm-linux-gnueabihf/include]
  collapse include dir [/src/.snesmini/sysroot/usr/include/arm-linux-gnueabihf] ==> [/src/.snesmini/sysroot/usr/include/arm-linux-gnueabihf]
  collapse include dir [/src/.snesmini/sysroot/usr/include] ==> [/src/.snesmini/sysroot/usr/include]
  implicit include dirs: [/usr/include;/usr/lib/gcc-cross/arm-linux-gnueabihf/10/include;/usr/arm-linux-gnueabihf/include;/src/.snesmini/sysroot/usr/include/arm-linux-gnueabihf;/src/.snesmini/sysroot/usr/include]


Parsed C implicit link information from above output:
  link line regex: [^( *|.*[/\])(arm-linux-gnueabihf-ld|CMAKE_LINK_STARTFILE-NOTFOUND|([^/\]+-)?ld|collect2)[^/\]*( |$)]
  ignore line: [Change Dir: /src/CMakeFiles/CMakeTmp]
  ignore line: []
  ignore line: [Run Build Command(s):/usr/bin/gmake cmTC_141ca/fast && gmake[1]: Entering directory '/src/CMakeFiles/CMakeTmp']
  ignore line: [/usr/bin/gmake  -f CMakeFiles/cmTC_141ca.dir/build.make CMakeFiles/cmTC_141ca.dir/build]
  ignore line: [gmake[2]: Entering directory '/src/CMakeFiles/CMakeTmp']
  ignore line: [Building C object CMakeFiles/cmTC_141ca.dir/CMakeCCompilerABI.c.o]
  ignore line: [/usr/bin/arm-linux-gnueabihf-gcc --sysroot=/src/.snesmini/sysroot   -O3 -U_TIME_BITS -D_TIME_BITS=32 -isystem /usr/include    -v -o CMakeFiles/cmTC_141ca.dir/CMakeCCompilerABI.c.o -c /usr/share/cmake-3.18/Modules/CMakeCCompilerABI.c]
  ignore line: [Using built-in specs.]
  ignore line: [COLLECT_GCC=/usr/bin/arm-linux-gnueabihf-gcc]
  ignore line: [Target: arm-linux-gnueabihf]
  ignore line: [Configured with: ../src/configure -v --with-pkgversion='Debian 10.2.1-6' --with-bugurl=file:///usr/share/doc/gcc-10/README.Bugs --enable-languages=c ada c++ go d fortran objc obj-c++ m2 --prefix=/usr --with-gcc-major-version-only --program-suffix=-10 --enable-shared --enable-linker-build-id --libexecdir=/usr/lib --without-included-gettext --enable-threads=posix --libdir=/usr/lib --enable-nls --with-sysroot=/ --enable-clocale=gnu --enable-libstdcxx-debug --enable-libstdcxx-time=yes --with-default-libstdcxx-abi=new --enable-gnu-unique-object --disable-libitm --disable-libquadmath --disable-libquadmath-support --enable-plugin --enable-default-pie --with-system-zlib --enable-libphobos-checking=release --without-target-system-zlib --enable-multiarch --disable-sjlj-exceptions --with-arch=armv7-a --with-fpu=vfpv3-d16 --with-float=hard --with-mode=thumb --disable-werror --enable-checking=release --build=x86_64-linux-gnu --host=x86_64-linux-gnu --target=arm-linux-gnueabihf --program-prefix=arm-linux-gnueabihf- --includedir=/usr/arm-linux-gnueabihf/include --with-build-config=bootstrap-lto-lean --enable-link-mutex]
  ignore line: [Thread model: posix]
  ignore line: [Supported LTO compression algorithms: zlib]
  ignore line: [gcc version 10.2.1 20210110 (Debian 10.2.1-6) ]
  ignore line: [COLLECT_GCC_OPTIONS='-O3' '-U' '_TIME_BITS' '-D' '_TIME_BITS=32' '-isystem' '/usr/include' '-v' '-o' 'CMakeFiles/cmTC_141ca.dir/CMakeCCompilerABI.c.o' '-c'  '-mfloat-abi=hard' '-mfpu=vfpv3-d16' '-mthumb' '-mtls-dialect=gnu' '-march=armv7-a+fp']
  ignore line: [ /usr/lib/gcc-cross/arm-linux-gnueabihf/10/cc1 -quiet -v -imultilib . -imultiarch arm-linux-gnueabihf -isysroot /src/.snesmini/sysroot -U _TIME_BITS -D _TIME_BITS=32 -isystem /usr/include /usr/share/cmake-3.18/Modules/CMakeCCompilerABI.c -quiet -dumpbase CMakeCCompilerABI.c -mfloat-abi=hard -mfpu=vfpv3-d16 -mthumb -mtls-dialect=gnu -march=armv7-a+fp -auxbase-strip CMakeFiles/cmTC_141ca.dir/CMakeCCompilerABI.c.o -O3 -version -o /tmp/cc0greJg.s]
  ignore line: [GNU C17 (Debian 10.2.1-6) version 10.2.1 20210110 (arm-linux-gnueabihf)]
  ignore line: [	compiled by GNU C version 10.2.1 20210110  GMP version 6.2.1  MPFR version 4.1.0  MPC version 1.2.0  isl version isl-0.23-GMP]
  ignore line: []
  ignore line: [GGC heuristics: --param ggc-min-expand=100 --param ggc-min-heapsize=131072]
  ignore line: [ignoring nonexistent directory "/src/.snesmini/sysroot/usr/local/include/arm-linux-gnueabihf"]
  ignore line: [ignoring nonexistent directory "/usr/lib/gcc-cross/arm-linux-gnueabihf/10/include-fixed"]
  ignore line: [#include "..." search starts here:]
  ignore line: [#include <...> search starts here:]
  ignore line: [ /usr/include]
  ignore line: [ /usr/lib/gcc-cross/arm-linux-gnueabihf/10/include]
  ignore line: [ /usr/lib/gcc-cross/arm-linux-gnueabihf/10/../../../../arm-linux-gnueabihf/include]
  ignore line: [ /src/.snesmini/sysroot/usr/include/arm-linux-gnueabihf]
  ignore line: [ /src/.snesmini/sysroot/usr/include]
  ignore line: [End of search list.]
  ignore line: [GNU C17 (Debian 10.2.1-6) version 10.2.1 20210110 (arm-linux-gnueabihf)]
  ignore line: [	compiled by GNU C version 10.2.1 20210110  GMP version 6.2.1  MPFR version 4.1.0  MPC version 1.2.0  isl version isl-0.23-GMP]
  ignore line: []
  ignore line: [GGC heuristics: --param ggc-min-expand=100 --param ggc-min-heapsize=131072]
  ignore line: [Compiler executable checksum: dd5f470adffa0b8039eeb3a6787e0529]
  ignore line: [COLLECT_GCC_OPTIONS='-O3' '-U' '_TIME_BITS' '-D' '_TIME_BITS=32' '-isystem' '/usr/include' '-v' '-o' 'CMakeFiles/cmTC_141ca.dir/CMakeCCompilerABI.c.o' '-c'  '-mfloat-abi=hard' '-mfpu=vfpv3-d16' '-mthumb' '-mtls-dialect=gnu' '-march=armv7-a+fp']
  ignore line: [ /usr/lib/gcc-cross/arm-linux-gnueabihf/10/../../../../arm-linux-gnueabihf/bin/as -v -march=armv7-a -mfloat-abi=hard -mfpu=vfpv3-d16 -meabi=5 -o CMakeFiles/cmTC_141ca.dir/CMakeCCompilerABI.c.o /tmp/cc0greJg.s]
  ignore line: [GNU assembler version 2.35.2 (arm-linux-gnueabihf) using BFD version (GNU Binutils for Debian) 2.35.2]
  ignore line: [COMPILER_PATH=/usr/lib/gcc-cross/arm-linux-gnueabihf/10/:/usr/lib/gcc-cross/arm-linux-gnueabihf/10/:/usr/lib/gcc-cross/arm-linux-gnueabihf/:/usr/lib/gcc-cross/arm-linux-gnueabihf/10/:/usr/lib/gcc-cross/arm-linux-gnueabihf/:/usr/lib/gcc-cross/arm-linux-gnueabihf/10/../../../../arm-linux-gnueabihf/bin/]
  ignore line: [LIBRARY_PATH=/usr/lib/gcc-cross/arm-linux-gnueabihf/10/:/usr/lib/gcc-cross/arm-linux-gnueabihf/10/../../../../arm-linux-gnueabihf/lib/:/src/.snesmini/sysroot/lib/arm-linux-gnueabihf/:/src/.snesmini/sysroot/lib/:/src/.snesmini/sysroot/usr/lib/arm-linux-gnueabihf/:/src/.snesmini/sysroot/usr/lib/]
  ignore line: [COLLECT_GCC_OPTIONS='-O3' '-U' '_TIME_BITS' '-D' '_TIME_BITS=32' '-isystem' '/usr/include' '-v' '-o' 'CMakeFiles/cmTC_141ca.dir/CMakeCCompilerABI.c.o' '-c'  '-mfloat-abi=hard' '-mfpu=vfpv3-d16' '-mthumb' '-mtls-dialect=gnu' '-march=armv7-a+fp']
  ignore line: [Linking C executable cmTC_141ca]
  ignore line: [/usr/bin/cmake -E cmake_link_script CMakeFiles/cmTC_141ca.dir/link.txt --verbose=1]
  ignore line: [/usr/bin/arm-linux-gnueabihf-gcc --sysroot=/src/.snesmini/sysroot -O3 -U_TIME_BITS -D_TIME_BITS=32 -isystem /usr/include  -L/src/.snesmini/sysroot/usr/lib/arm-linux-gnueabihf -L/src/.snesmini/sysroot/lib/arm-linux-gnueabihf -Wl -rpath-link /src/.snesmini/sysroot/usr/lib/arm-linux-gnueabihf:/src/.snesmini/sysroot/lib/arm-linux-gnueabihf -static-libstdc++ -static-libgcc -v CMakeFiles/cmTC_141ca.dir/CMakeCCompilerABI.c.o -o cmTC_141ca ]
  ignore line: [Using built-in specs.]
  ignore line: [COLLECT_GCC=/usr/bin/arm-linux-gnueabihf-gcc]
  ignore line: [COLLECT_LTO_WRAPPER=/usr/lib/gcc-cross/arm-linux-gnueabihf/10/lto-wrapper]
  ignore line: [Target: arm-linux-gnueabihf]
  ignore line: [Configured with: ../src/configure -v --with-pkgversion='Debian 10.2.1-6' --with-bugurl=file:///usr/share/doc/gcc-10/README.Bugs --enable-languages=c ada c++ go d fortran objc obj-c++ m2 --prefix=/usr --with-gcc-major-version-only --program-suffix=-10 --enable-shared --enable-linker-build-id --libexecdir=/usr/lib --without-included-gettext --enable-threads=posix --libdir=/usr/lib --enable-nls --with-sysroot=/ --enable-clocale=gnu --enable-libstdcxx-debug --enable-libstdcxx-time=yes --with-default-libstdcxx-abi=new --enable-gnu-unique-object --disable-libitm --disable-libquadmath --disable-libquadmath-support --enable-plugin --enable-default-pie --with-system-zlib --enable-libphobos-checking=release --without-target-system-zlib --enable-multiarch --disable-sjlj-exceptions --with-arch=armv7-a --with-fpu=vfpv3-d16 --with-float=hard --with-mode=thumb --disable-werror --enable-checking=release --build=x86_64-linux-gnu --host=x86_64-linux-gnu --target=arm-linux-gnueabihf --program-prefix=arm-linux-gnueabihf- --includedir=/usr/arm-linux-gnueabihf/include --with-build-config=bootstrap-lto-lean --enable-link-mutex]
  ignore line: [Thread model: posix]
  ignore line: [Supported LTO compression algorithms: zlib]
  ignore line: [gcc version 10.2.1 20210110 (Debian 10.2.1-6) ]
  ignore line: [COMPILER_PATH=/usr/lib/gcc-cross/arm-linux-gnueabihf/10/:/usr/lib/gcc-cross/arm-linux-gnueabihf/10/:/usr/lib/gcc-cross/arm-linux-gnueabihf/:/usr/lib/gcc-cross/arm-linux-gnueabihf/10/:/usr/lib/gcc-cross/arm-linux-gnueabihf/:/usr/lib/gcc-cross/arm-linux-gnueabihf/10/../../../../arm-linux-gnueabihf/bin/]
  ignore line: [LIBRARY_PATH=/usr/lib/gcc-cross/arm-linux-gnueabihf/10/:/usr/lib/gcc-cross/arm-linux-gnueabihf/10/../../../../arm-linux-gnueabihf/lib/:/src/.snesmini/sysroot/lib/arm-linux-gnueabihf/:/src/.snesmini/sysroot/lib/:/src/.snesmini/sysroot/usr/lib/arm-linux-gnueabihf/:/src/.snesmini/sysroot/usr/lib/]
  ignore line: [COLLECT_GCC_OPTIONS='-O3' '-U' '_TIME_BITS' '-D' '_TIME_BITS=32' '-isystem' '/usr/include' '-L/src/.snesmini/sysroot/usr/lib/arm-linux-gnueabihf' '-L/src/.snesmini/sysroot/lib/arm-linux-gnueabihf' '-static-libstdc++' '-static-libgcc' '-v' '-o' 'cmTC_141ca'  '-mfloat-abi=hard' '-mfpu=vfpv3-d16' '-mthumb' '-mtls-dialect=gnu' '-march=armv7-a+fp']
  link line: [ /usr/lib/gcc-cross/arm-linux-gnueabihf/10/collect2 -plugin /usr/lib/gcc-cross/arm-linux-gnueabihf/10/liblto_plugin.so -plugin-opt=/usr/lib/gcc-cross/arm-linux-gnueabihf/10/lto-wrapper -plugin-opt=-fresolution=/tmp/ccrUDasM.res -plugin-opt=-pass-through=-lgcc -plugin-opt=-pass-through=-lgcc_eh -plugin-opt=-pass-through=-lc -plugin-opt=-pass-through=-lgcc -plugin-opt=-pass-through=-lgcc_eh --sysroot=/src/.snesmini/sysroot --build-id --eh-frame-hdr -dynamic-linker /lib/ld-linux-armhf.so.3 -X --hash-style=gnu --as-needed -m armelf_linux_eabi -pie -o cmTC_141ca /usr/lib/gcc-cross/arm-linux-gnueabihf/10/../../../../arm-linux-gnueabihf/lib/Scrt1.o /usr/lib/gcc-cross/arm-linux-gnueabihf/10/../../../../arm-linux-gnueabihf/lib/crti.o /usr/lib/gcc-cross/arm-linux-gnueabihf/10/crtbeginS.o -L/src/.snesmini/sysroot/usr/lib/arm-linux-gnueabihf -L/src/.snesmini/sysroot/lib/arm-linux-gnueabihf -L/usr/lib/gcc-cross/arm-linux-gnueabihf/10 -L/usr/lib/gcc-cross/arm-linux-gnueabihf/10/../../../../arm-linux-gnueabihf/lib -L/src/.snesmini/sysroot/lib/arm-linux-gnueabihf -L/src/.snesmini/sysroot/lib -L/src/.snesmini/sysroot/usr/lib/arm-linux-gnueabihf -L/src/.snesmini/sysroot/usr/lib -rpath-link /src/.snesmini/sysroot/usr/lib/arm-linux-gnueabihf:/src/.snesmini/sysroot/lib/arm-linux-gnueabihf CMakeFiles/cmTC_141ca.dir/CMakeCCompilerABI.c.o -lgcc -lgcc_eh -lc -lgcc -lgcc_eh /usr/lib/gcc-cross/arm-linux-gnueabihf/10/crtendS.o /usr/lib/gcc-cross/arm-linux-gnueabihf/10/../../../../arm-linux-gnueabihf/lib/crtn.o]
    arg [/usr/lib/gcc-cross/arm-linux-gnueabihf/10/collect2] ==> ignore
    arg [-plugin] ==> ignore
    arg [/usr/lib/gcc-cross/arm-linux-gnueabihf/10/liblto_plugin.so] ==> ignore
    arg [-plugin-opt=/usr/lib/gcc-cross/arm-linux-gnueabihf/10/lto-wrapper] ==> ignore
    arg [-plugin-opt=-fresolution=/tmp/ccrUDasM.res] ==> ignore
    arg [-plugin-opt=-pass-through=-lgcc] ==> ignore
    arg [-plugin-opt=-pass-through=-lgcc_eh] ==> ignore
    arg [-plugin-opt=-pass-through=-lc] ==> ignore
    arg [-plugin-opt=-pass-through=-lgcc] ==> ignore
    arg [-plugin-opt=-pass-through=-lgcc_eh] ==> ignore
    arg [--sysroot=/src/.snesmini/sysroot] ==> ignore
    arg [--build-id] ==> ignore
    arg [--eh-frame-hdr] ==> ignore
    arg [-dynamic-linker] ==> ignore
    arg [/lib/ld-linux-armhf.so.3] ==> ignore
    arg [-X] ==> ignore
    arg [--hash-style=gnu] ==> ignore
    arg [--as-needed] ==> ignore
    arg [-m] ==> ignore
    arg [armelf_linux_eabi] ==> ignore
    arg [-pie] ==> ignore
    arg [-o] ==> ignore
    arg [cmTC_141ca] ==> ignore
    arg [/usr/lib/gcc-cross/arm-linux-gnueabihf/10/../../../../arm-linux-gnueabihf/lib/Scrt1.o] ==> ignore
    arg [/usr/lib/gcc-cross/arm-linux-gnueabihf/10/../../../../arm-linux-gnueabihf/lib/crti.o] ==> ignore
    arg [/usr/lib/gcc-cross/arm-linux-gnueabihf/10/crtbeginS.o] ==> ignore
    arg [-L/src/.snesmini/sysroot/usr/lib/arm-linux-gnueabihf] ==> dir [/src/.snesmini/sysroot/usr/lib/arm-linux-gnueabihf]
    arg [-L/src/.snesmini/sysroot/lib/arm-linux-gnueabihf] ==> dir [/src/.snesmini/sysroot/lib/arm-linux-gnueabihf]
    arg [-L/usr/lib/gcc-cross/arm-linux-gnueabihf/10] ==> dir [/usr/lib/gcc-cross/arm-linux-gnueabihf/10]
    arg [-L/usr/lib/gcc-cross/arm-linux-gnueabihf/10/../../../../arm-linux-gnueabihf/lib] ==> dir [/usr/lib/gcc-cross/arm-linux-gnueabihf/10/../../../../arm-linux-gnueabihf/lib]
    arg [-L/src/.snesmini/sysroot/lib/arm-linux-gnueabihf] ==> dir [/src/.snesmini/sysroot/lib/arm-linux-gnueabihf]
    arg [-L/src/.snesmini/sysroot/lib] ==> dir [/src/.snesmini/sysroot/lib]
    arg [-L/src/.snesmini/sysroot/usr/lib/arm-linux-gnueabihf] ==> dir [/src/.snesmini/sysroot/usr/lib/arm-linux-gnueabihf]
    arg [-L/src/.snesmini/sysroot/usr/lib] ==> dir [/src/.snesmini/sysroot/usr/lib]
    arg [-rpath-link] ==> ignore
    arg [/src/.snesmini/sysroot/usr/lib/arm-linux-gnueabihf:/src/.snesmini/sysroot/lib/arm-linux-gnueabihf] ==> ignore
    arg [CMakeFiles/cmTC_141ca.dir/CMakeCCompilerABI.c.o] ==> ignore
    arg [-lgcc] ==> lib [gcc]
    arg [-lgcc_eh] ==> lib [gcc_eh]
    arg [-lc] ==> lib [c]
    arg [-lgcc] ==> lib [gcc]
    arg [-lgcc_eh] ==> lib [gcc_eh]
    arg [/usr/lib/gcc-cross/arm-linux-gnueabihf/10/crtendS.o] ==> ignore
    arg [/usr/lib/gcc-cross/arm-linux-gnueabihf/10/../../../../arm-linux-gnueabihf/lib/crtn.o] ==> ignore
  remove lib [gcc_eh]
  remove lib [gcc_eh]
  collapse library dir [/src/.snesmini/sysroot/usr/lib/arm-linux-gnueabihf] ==> [/src/.snesmini/sysroot/usr/lib/arm-linux-gnueabihf]
  collapse library dir [/src/.snesmini/sysroot/lib/arm-linux-gnueabihf] ==> [/src/.snesmini/sysroot/lib/arm-linux-gnueabihf]
  collapse library dir [/usr/lib/gcc-cross/arm-linux-gnueabihf/10] ==> [/usr/lib/gcc-cross/arm-linux-gnueabihf/10]
  collapse library dir [/usr/lib/gcc-cross/arm-linux-gnueabihf/10/../../../../arm-linux-gnueabihf/lib] ==> [/usr/arm-linux-gnueabihf/lib]
  collapse library dir [/src/.snesmini/sysroot/lib/arm-linux-gnueabihf] ==> [/src/.snesmini/sysroot/lib/arm-linux-gnueabihf]
  collapse library dir [/src/.snesmini/sysroot/lib] ==> [/src/.snesmini/sysroot/lib]
  collapse library dir [/src/.snesmini/sysroot/usr/lib/arm-linux-gnueabihf] ==> [/src/.snesmini/sysroot/usr/lib/arm-linux-gnueabihf]
  collapse library dir [/src/.snesmini/sysroot/usr/lib] ==> [/src/.snesmini/sysroot/usr/lib]
  implicit libs: [gcc;c;gcc]
  implicit dirs: [/src/.snesmini/sysroot/usr/lib/arm-linux-gnueabihf;/src/.snesmini/sysroot/lib/arm-linux-gnueabihf;/usr/lib/gcc-cross/arm-linux-gnueabihf/10;/usr/arm-linux-gnueabihf/lib;/src/.snesmini/sysroot/lib;/src/.snesmini/sysroot/usr/lib]
  implicit fwks: []


Detecting CXX compiler ABI info compiled with the following output:
Change Dir: /src/CMakeFiles/CMakeTmp

Run Build Command(s):/usr/bin/gmake cmTC_651ec/fast && gmake[1]: Entering directory '/src/CMakeFiles/CMakeTmp'
/usr/bin/gmake  -f CMakeFiles/cmTC_651ec.dir/build.make CMakeFiles/cmTC_651ec.dir/build
gmake[2]: Entering directory '/src/CMakeFiles/CMakeTmp'
Building CXX object CMakeFiles/cmTC_651ec.dir/CMakeCXXCompilerABI.cpp.o
/usr/bin/arm-linux-gnueabihf-g++ --sysroot=/src/.snesmini/sysroot   -O3 -U_TIME_BITS -D_TIME_BITS=32 -D_GLIBCXX_USE_CXX11_ABI=0 -DBMSX_SNESMINI_LEGACY=1 -fno-sized-deallocation -isystem /usr/include    -v -std=gnu++17 -o CMakeFiles/cmTC_651ec.dir/CMakeCXXCompilerABI.cpp.o -c /usr/share/cmake-3.18/Modules/CMakeCXXCompilerABI.cpp
Using built-in specs.
COLLECT_GCC=/usr/bin/arm-linux-gnueabihf-g++
Target: arm-linux-gnueabihf
Configured with: ../src/configure -v --with-pkgversion='Debian 10.2.1-6' --with-bugurl=file:///usr/share/doc/gcc-10/README.Bugs --enable-languages=c,ada,c++,go,d,fortran,objc,obj-c++,m2 --prefix=/usr --with-gcc-major-version-only --program-suffix=-10 --enable-shared --enable-linker-build-id --libexecdir=/usr/lib --without-included-gettext --enable-threads=posix --libdir=/usr/lib --enable-nls --with-sysroot=/ --enable-clocale=gnu --enable-libstdcxx-debug --enable-libstdcxx-time=yes --with-default-libstdcxx-abi=new --enable-gnu-unique-object --disable-libitm --disable-libquadmath --disable-libquadmath-support --enable-plugin --enable-default-pie --with-system-zlib --enable-libphobos-checking=release --without-target-system-zlib --enable-multiarch --disable-sjlj-exceptions --with-arch=armv7-a --with-fpu=vfpv3-d16 --with-float=hard --with-mode=thumb --disable-werror --enable-checking=release --build=x86_64-linux-gnu --host=x86_64-linux-gnu --target=arm-linux-gnueabihf --program-prefix=arm-linux-gnueabihf- --includedir=/usr/arm-linux-gnueabihf/include --with-build-config=bootstrap-lto-lean --enable-link-mutex
Thread model: posix
Supported LTO compression algorithms: zlib
gcc version 10.2.1 20210110 (Debian 10.2.1-6) 
COLLECT_GCC_OPTIONS='-O3' '-U' '_TIME_BITS' '-D' '_TIME_BITS=32' '-D' '_GLIBCXX_USE_CXX11_ABI=0' '-D' 'BMSX_SNESMINI_LEGACY=1' '-fno-sized-deallocation' '-isystem' '/usr/include' '-v' '-std=gnu++17' '-o' 'CMakeFiles/cmTC_651ec.dir/CMakeCXXCompilerABI.cpp.o' '-c' '-shared-libgcc'  '-mfloat-abi=hard' '-mfpu=vfpv3-d16' '-mthumb' '-mtls-dialect=gnu' '-march=armv7-a+fp'
 /usr/lib/gcc-cross/arm-linux-gnueabihf/10/cc1plus -quiet -v -imultilib . -imultiarch arm-linux-gnueabihf -isysroot /src/.snesmini/sysroot -D_GNU_SOURCE -U _TIME_BITS -D _TIME_BITS=32 -D _GLIBCXX_USE_CXX11_ABI=0 -D BMSX_SNESMINI_LEGACY=1 -isystem /usr/include /usr/share/cmake-3.18/Modules/CMakeCXXCompilerABI.cpp -quiet -dumpbase CMakeCXXCompilerABI.cpp -mfloat-abi=hard -mfpu=vfpv3-d16 -mthumb -mtls-dialect=gnu -march=armv7-a+fp -auxbase-strip CMakeFiles/cmTC_651ec.dir/CMakeCXXCompilerABI.cpp.o -O3 -std=gnu++17 -version -fno-sized-deallocation -o /tmp/ccc3qw4h.s
GNU C++17 (Debian 10.2.1-6) version 10.2.1 20210110 (arm-linux-gnueabihf)
	compiled by GNU C version 10.2.1 20210110, GMP version 6.2.1, MPFR version 4.1.0, MPC version 1.2.0, isl version isl-0.23-GMP

GGC heuristics: --param ggc-min-expand=100 --param ggc-min-heapsize=131072
ignoring nonexistent directory "/src/.snesmini/sysroot/usr/local/include/arm-linux-gnueabihf"
ignoring nonexistent directory "/usr/lib/gcc-cross/arm-linux-gnueabihf/10/include-fixed"
#include "..." search starts here:
#include <...> search starts here:
 /usr/include
 /usr/lib/gcc-cross/arm-linux-gnueabihf/10/../../../../arm-linux-gnueabihf/include/c++/10
 /usr/lib/gcc-cross/arm-linux-gnueabihf/10/../../../../arm-linux-gnueabihf/include/c++/10/arm-linux-gnueabihf/.
 /usr/lib/gcc-cross/arm-linux-gnueabihf/10/../../../../arm-linux-gnueabihf/include/c++/10/backward
 /usr/lib/gcc-cross/arm-linux-gnueabihf/10/include
 /usr/lib/gcc-cross/arm-linux-gnueabihf/10/../../../../arm-linux-gnueabihf/include
 /src/.snesmini/sysroot/usr/include/arm-linux-gnueabihf
 /src/.snesmini/sysroot/usr/include
End of search list.
GNU C++17 (Debian 10.2.1-6) version 10.2.1 20210110 (arm-linux-gnueabihf)
	compiled by GNU C version 10.2.1 20210110, GMP version 6.2.1, MPFR version 4.1.0, MPC version 1.2.0, isl version isl-0.23-GMP

GGC heuristics: --param ggc-min-expand=100 --param ggc-min-heapsize=131072
Compiler executable checksum: 00ac0821cd35ef070c2ae257419c57c4
COLLECT_GCC_OPTIONS='-O3' '-U' '_TIME_BITS' '-D' '_TIME_BITS=32' '-D' '_GLIBCXX_USE_CXX11_ABI=0' '-D' 'BMSX_SNESMINI_LEGACY=1' '-fno-sized-deallocation' '-isystem' '/usr/include' '-v' '-std=gnu++17' '-o' 'CMakeFiles/cmTC_651ec.dir/CMakeCXXCompilerABI.cpp.o' '-c' '-shared-libgcc'  '-mfloat-abi=hard' '-mfpu=vfpv3-d16' '-mthumb' '-mtls-dialect=gnu' '-march=armv7-a+fp'
 /usr/lib/gcc-cross/arm-linux-gnueabihf/10/../../../../arm-linux-gnueabihf/bin/as -v -march=armv7-a -mfloat-abi=hard -mfpu=vfpv3-d16 -meabi=5 -o CMakeFiles/cmTC_651ec.dir/CMakeCXXCompilerABI.cpp.o /tmp/ccc3qw4h.s
GNU assembler version 2.35.2 (arm-linux-gnueabihf) using BFD version (GNU Binutils for Debian) 2.35.2
COMPILER_PATH=/usr/lib/gcc-cross/arm-linux-gnueabihf/10/:/usr/lib/gcc-cross/arm-linux-gnueabihf/10/:/usr/lib/gcc-cross/arm-linux-gnueabihf/:/usr/lib/gcc-cross/arm-linux-gnueabihf/10/:/usr/lib/gcc-cross/arm-linux-gnueabihf/:/usr/lib/gcc-cross/arm-linux-gnueabihf/10/../../../../arm-linux-gnueabihf/bin/
LIBRARY_PATH=/usr/lib/gcc-cross/arm-linux-gnueabihf/10/:/usr/lib/gcc-cross/arm-linux-gnueabihf/10/../../../../arm-linux-gnueabihf/lib/:/src/.snesmini/sysroot/lib/arm-linux-gnueabihf/:/src/.snesmini/sysroot/lib/:/src/.snesmini/sysroot/usr/lib/arm-linux-gnueabihf/:/src/.snesmini/sysroot/usr/lib/
COLLECT_GCC_OPTIONS='-O3' '-U' '_TIME_BITS' '-D' '_TIME_BITS=32' '-D' '_GLIBCXX_USE_CXX11_ABI=0' '-D' 'BMSX_SNESMINI_LEGACY=1' '-fno-sized-deallocation' '-isystem' '/usr/include' '-v' '-std=gnu++17' '-o' 'CMakeFiles/cmTC_651ec.dir/CMakeCXXCompilerABI.cpp.o' '-c' '-shared-libgcc'  '-mfloat-abi=hard' '-mfpu=vfpv3-d16' '-mthumb' '-mtls-dialect=gnu' '-march=armv7-a+fp'
Linking CXX executable cmTC_651ec
/usr/bin/cmake -E cmake_link_script CMakeFiles/cmTC_651ec.dir/link.txt --verbose=1
/usr/bin/arm-linux-gnueabihf-g++ --sysroot=/src/.snesmini/sysroot -O3 -U_TIME_BITS -D_TIME_BITS=32 -D_GLIBCXX_USE_CXX11_ABI=0 -DBMSX_SNESMINI_LEGACY=1 -fno-sized-deallocation -isystem /usr/include  -L/src/.snesmini/sysroot/usr/lib/arm-linux-gnueabihf -L/src/.snesmini/sysroot/lib/arm-linux-gnueabihf -Wl,-rpath-link,/src/.snesmini/sysroot/usr/lib/arm-linux-gnueabihf:/src/.snesmini/sysroot/lib/arm-linux-gnueabihf -static-libstdc++ -static-libgcc -v CMakeFiles/cmTC_651ec.dir/CMakeCXXCompilerABI.cpp.o -o cmTC_651ec 
Using built-in specs.
COLLECT_GCC=/usr/bin/arm-linux-gnueabihf-g++
COLLECT_LTO_WRAPPER=/usr/lib/gcc-cross/arm-linux-gnueabihf/10/lto-wrapper
Target: arm-linux-gnueabihf
Configured with: ../src/configure -v --with-pkgversion='Debian 10.2.1-6' --with-bugurl=file:///usr/share/doc/gcc-10/README.Bugs --enable-languages=c,ada,c++,go,d,fortran,objc,obj-c++,m2 --prefix=/usr --with-gcc-major-version-only --program-suffix=-10 --enable-shared --enable-linker-build-id --libexecdir=/usr/lib --without-included-gettext --enable-threads=posix --libdir=/usr/lib --enable-nls --with-sysroot=/ --enable-clocale=gnu --enable-libstdcxx-debug --enable-libstdcxx-time=yes --with-default-libstdcxx-abi=new --enable-gnu-unique-object --disable-libitm --disable-libquadmath --disable-libquadmath-support --enable-plugin --enable-default-pie --with-system-zlib --enable-libphobos-checking=release --without-target-system-zlib --enable-multiarch --disable-sjlj-exceptions --with-arch=armv7-a --with-fpu=vfpv3-d16 --with-float=hard --with-mode=thumb --disable-werror --enable-checking=release --build=x86_64-linux-gnu --host=x86_64-linux-gnu --target=arm-linux-gnueabihf --program-prefix=arm-linux-gnueabihf- --includedir=/usr/arm-linux-gnueabihf/include --with-build-config=bootstrap-lto-lean --enable-link-mutex
Thread model: posix
Supported LTO compression algorithms: zlib
gcc version 10.2.1 20210110 (Debian 10.2.1-6) 
COMPILER_PATH=/usr/lib/gcc-cross/arm-linux-gnueabihf/10/:/usr/lib/gcc-cross/arm-linux-gnueabihf/10/:/usr/lib/gcc-cross/arm-linux-gnueabihf/:/usr/lib/gcc-cross/arm-linux-gnueabihf/10/:/usr/lib/gcc-cross/arm-linux-gnueabihf/:/usr/lib/gcc-cross/arm-linux-gnueabihf/10/../../../../arm-linux-gnueabihf/bin/
LIBRARY_PATH=/usr/lib/gcc-cross/arm-linux-gnueabihf/10/:/usr/lib/gcc-cross/arm-linux-gnueabihf/10/../../../../arm-linux-gnueabihf/lib/:/src/.snesmini/sysroot/lib/arm-linux-gnueabihf/:/src/.snesmini/sysroot/lib/:/src/.snesmini/sysroot/usr/lib/arm-linux-gnueabihf/:/src/.snesmini/sysroot/usr/lib/
COLLECT_GCC_OPTIONS='-O3' '-U' '_TIME_BITS' '-D' '_TIME_BITS=32' '-D' '_GLIBCXX_USE_CXX11_ABI=0' '-D' 'BMSX_SNESMINI_LEGACY=1' '-fno-sized-deallocation' '-isystem' '/usr/include' '-L/src/.snesmini/sysroot/usr/lib/arm-linux-gnueabihf' '-L/src/.snesmini/sysroot/lib/arm-linux-gnueabihf' '-static-libgcc' '-v' '-o' 'cmTC_651ec'  '-mfloat-abi=hard' '-mfpu=vfpv3-d16' '-mthumb' '-mtls-dialect=gnu' '-march=armv7-a+fp'
 /usr/lib/gcc-cross/arm-linux-gnueabihf/10/collect2 -plugin /usr/lib/gcc-cross/arm-linux-gnueabihf/10/liblto_plugin.so -plugin-opt=/usr/lib/gcc-cross/arm-linux-gnueabihf/10/lto-wrapper -plugin-opt=-fresolution=/tmp/cceRhUGK.res -plugin-opt=-pass-through=-lgcc -plugin-opt=-pass-through=-lgcc_eh -plugin-opt=-pass-through=-lc -plugin-opt=-pass-through=-lgcc -plugin-opt=-pass-through=-lgcc_eh --sysroot=/src/.snesmini/sysroot --build-id --eh-frame-hdr -dynamic-linker /lib/ld-linux-armhf.so.3 -X --hash-style=gnu --as-needed -m armelf_linux_eabi -pie -o cmTC_651ec /usr/lib/gcc-cross/arm-linux-gnueabihf/10/../../../../arm-linux-gnueabihf/lib/Scrt1.o /usr/lib/gcc-cross/arm-linux-gnueabihf/10/../../../../arm-linux-gnueabihf/lib/crti.o /usr/lib/gcc-cross/arm-linux-gnueabihf/10/crtbeginS.o -L/src/.snesmini/sysroot/usr/lib/arm-linux-gnueabihf -L/src/.snesmini/sysroot/lib/arm-linux-gnueabihf -L/usr/lib/gcc-cross/arm-linux-gnueabihf/10 -L/usr/lib/gcc-cross/arm-linux-gnueabihf/10/../../../../arm-linux-gnueabihf/lib -L/src/.snesmini/sysroot/lib/arm-linux-gnueabihf -L/src/.snesmini/sysroot/lib -L/src/.snesmini/sysroot/usr/lib/arm-linux-gnueabihf -L/src/.snesmini/sysroot/usr/lib -rpath-link /src/.snesmini/sysroot/usr/lib/arm-linux-gnueabihf:/src/.snesmini/sysroot/lib/arm-linux-gnueabihf CMakeFiles/cmTC_651ec.dir/CMakeCXXCompilerABI.cpp.o -Bstatic -lstdc++ -Bdynamic -lm -lgcc -lgcc_eh -lc -lgcc -lgcc_eh /usr/lib/gcc-cross/arm-linux-gnueabihf/10/crtendS.o /usr/lib/gcc-cross/arm-linux-gnueabihf/10/../../../../arm-linux-gnueabihf/lib/crtn.o
COLLECT_GCC_OPTIONS='-O3' '-U' '_TIME_BITS' '-D' '_TIME_BITS=32' '-D' '_GLIBCXX_USE_CXX11_ABI=0' '-D' 'BMSX_SNESMINI_LEGACY=1' '-fno-sized-deallocation' '-isystem' '/usr/include' '-L/src/.snesmini/sysroot/usr/lib/arm-linux-gnueabihf' '-L/src/.snesmini/sysroot/lib/arm-linux-gnueabihf' '-static-libgcc' '-v' '-o' 'cmTC_651ec'  '-mfloat-abi=hard' '-mfpu=vfpv3-d16' '-mthumb' '-mtls-dialect=gnu' '-march=armv7-a+fp'
gmake[2]: Leaving directory '/src/CMakeFiles/CMakeTmp'
gmake[1]: Leaving directory '/src/CMakeFiles/CMakeTmp'



Parsed CXX implicit include dir info from above output: rv=done
  found start of include info
  found start of implicit include info
    add: [/usr/include]
    add: [/usr/lib/gcc-cross/arm-linux-gnueabihf/10/../../../../arm-linux-gnueabihf/include/c++/10]
    add: [/usr/lib/gcc-cross/arm-linux-gnueabihf/10/../../../../arm-linux-gnueabihf/include/c++/10/arm-linux-gnueabihf/.]
    add: [/usr/lib/gcc-cross/arm-linux-gnueabihf/10/../../../../arm-linux-gnueabihf/include/c++/10/backward]
    add: [/usr/lib/gcc-cross/arm-linux-gnueabihf/10/include]
    add: [/usr/lib/gcc-cross/arm-linux-gnueabihf/10/../../../../arm-linux-gnueabihf/include]
    add: [/src/.snesmini/sysroot/usr/include/arm-linux-gnueabihf]
    add: [/src/.snesmini/sysroot/usr/include]
  end of search list found
  collapse include dir [/usr/include] ==> [/usr/include]
  collapse include dir [/usr/lib/gcc-cross/arm-linux-gnueabihf/10/../../../../arm-linux-gnueabihf/include/c++/10] ==> [/usr/arm-linux-gnueabihf/include/c++/10]
  collapse include dir [/usr/lib/gcc-cross/arm-linux-gnueabihf/10/../../../../arm-linux-gnueabihf/include/c++/10/arm-linux-gnueabihf/.] ==> [/usr/arm-linux-gnueabihf/include/c++/10/arm-linux-gnueabihf]
  collapse include dir [/usr/lib/gcc-cross/arm-linux-gnueabihf/10/../../../../arm-linux-gnueabihf/include/c++/10/backward] ==> [/usr/arm-linux-gnueabihf/include/c++/10/backward]
  collapse include dir [/usr/lib/gcc-cross/arm-linux-gnueabihf/10/include] ==> [/usr/lib/gcc-cross/arm-linux-gnueabihf/10/include]
  collapse include dir [/usr/lib/gcc-cross/arm-linux-gnueabihf/10/../../../../arm-linux-gnueabihf/include] ==> [/usr/arm-linux-gnueabihf/include]
  collapse include dir [/src/.snesmini/sysroot/usr/include/arm-linux-gnueabihf] ==> [/src/.snesmini/sysroot/usr/include/arm-linux-gnueabihf]
  collapse include dir [/src/.snesmini/sysroot/usr/include] ==> [/src/.snesmini/sysroot/usr/include]
  implicit include dirs: [/usr/include;/usr/arm-linux-gnueabihf/include/c++/10;/usr/arm-linux-gnueabihf/include/c++/10/arm-linux-gnueabihf;/usr/arm-linux-gnueabihf/include/c++/10/backward;/usr/lib/gcc-cross/arm-linux-gnueabihf/10/include;/usr/arm-linux-gnueabihf/include;/src/.snesmini/sysroot/usr/include/arm-linux-gnueabihf;/src/.snesmini/sysroot/usr/include]


Parsed CXX implicit link information from above output:
  link line regex: [^( *|.*[/\])(arm-linux-gnueabihf-ld|CMAKE_LINK_STARTFILE-NOTFOUND|([^/\]+-)?ld|collect2)[^/\]*( |$)]
  ignore line: [Change Dir: /src/CMakeFiles/CMakeTmp]
  ignore line: []
  ignore line: [Run Build Command(s):/usr/bin/gmake cmTC_651ec/fast && gmake[1]: Entering directory '/src/CMakeFiles/CMakeTmp']
  ignore line: [/usr/bin/gmake  -f CMakeFiles/cmTC_651ec.dir/build.make CMakeFiles/cmTC_651ec.dir/build]
  ignore line: [gmake[2]: Entering directory '/src/CMakeFiles/CMakeTmp']
  ignore line: [Building CXX object CMakeFiles/cmTC_651ec.dir/CMakeCXXCompilerABI.cpp.o]
  ignore line: [/usr/bin/arm-linux-gnueabihf-g++ --sysroot=/src/.snesmini/sysroot   -O3 -U_TIME_BITS -D_TIME_BITS=32 -D_GLIBCXX_USE_CXX11_ABI=0 -DBMSX_SNESMINI_LEGACY=1 -fno-sized-deallocation -isystem /usr/include    -v -std=gnu++17 -o CMakeFiles/cmTC_651ec.dir/CMakeCXXCompilerABI.cpp.o -c /usr/share/cmake-3.18/Modules/CMakeCXXCompilerABI.cpp]
  ignore line: [Using built-in specs.]
  ignore line: [COLLECT_GCC=/usr/bin/arm-linux-gnueabihf-g++]
  ignore line: [Target: arm-linux-gnueabihf]
  ignore line: [Configured with: ../src/configure -v --with-pkgversion='Debian 10.2.1-6' --with-bugurl=file:///usr/share/doc/gcc-10/README.Bugs --enable-languages=c ada c++ go d fortran objc obj-c++ m2 --prefix=/usr --with-gcc-major-version-only --program-suffix=-10 --enable-shared --enable-linker-build-id --libexecdir=/usr/lib --without-included-gettext --enable-threads=posix --libdir=/usr/lib --enable-nls --with-sysroot=/ --enable-clocale=gnu --enable-libstdcxx-debug --enable-libstdcxx-time=yes --with-default-libstdcxx-abi=new --enable-gnu-unique-object --disable-libitm --disable-libquadmath --disable-libquadmath-support --enable-plugin --enable-default-pie --with-system-zlib --enable-libphobos-checking=release --without-target-system-zlib --enable-multiarch --disable-sjlj-exceptions --with-arch=armv7-a --with-fpu=vfpv3-d16 --with-float=hard --with-mode=thumb --disable-werror --enable-checking=release --build=x86_64-linux-gnu --host=x86_64-linux-gnu --target=arm-linux-gnueabihf --program-prefix=arm-linux-gnueabihf- --includedir=/usr/arm-linux-gnueabihf/include --with-build-config=bootstrap-lto-lean --enable-link-mutex]
  ignore line: [Thread model: posix]
  ignore line: [Supported LTO compression algorithms: zlib]
  ignore line: [gcc version 10.2.1 20210110 (Debian 10.2.1-6) ]
  ignore line: [COLLECT_GCC_OPTIONS='-O3' '-U' '_TIME_BITS' '-D' '_TIME_BITS=32' '-D' '_GLIBCXX_USE_CXX11_ABI=0' '-D' 'BMSX_SNESMINI_LEGACY=1' '-fno-sized-deallocation' '-isystem' '/usr/include' '-v' '-std=gnu++17' '-o' 'CMakeFiles/cmTC_651ec.dir/CMakeCXXCompilerABI.cpp.o' '-c' '-shared-libgcc'  '-mfloat-abi=hard' '-mfpu=vfpv3-d16' '-mthumb' '-mtls-dialect=gnu' '-march=armv7-a+fp']
  ignore line: [ /usr/lib/gcc-cross/arm-linux-gnueabihf/10/cc1plus -quiet -v -imultilib . -imultiarch arm-linux-gnueabihf -isysroot /src/.snesmini/sysroot -D_GNU_SOURCE -U _TIME_BITS -D _TIME_BITS=32 -D _GLIBCXX_USE_CXX11_ABI=0 -D BMSX_SNESMINI_LEGACY=1 -isystem /usr/include /usr/share/cmake-3.18/Modules/CMakeCXXCompilerABI.cpp -quiet -dumpbase CMakeCXXCompilerABI.cpp -mfloat-abi=hard -mfpu=vfpv3-d16 -mthumb -mtls-dialect=gnu -march=armv7-a+fp -auxbase-strip CMakeFiles/cmTC_651ec.dir/CMakeCXXCompilerABI.cpp.o -O3 -std=gnu++17 -version -fno-sized-deallocation -o /tmp/ccc3qw4h.s]
  ignore line: [GNU C++17 (Debian 10.2.1-6) version 10.2.1 20210110 (arm-linux-gnueabihf)]
  ignore line: [	compiled by GNU C version 10.2.1 20210110  GMP version 6.2.1  MPFR version 4.1.0  MPC version 1.2.0  isl version isl-0.23-GMP]
  ignore line: []
  ignore line: [GGC heuristics: --param ggc-min-expand=100 --param ggc-min-heapsize=131072]
  ignore line: [ignoring nonexistent directory "/src/.snesmini/sysroot/usr/local/include/arm-linux-gnueabihf"]
  ignore line: [ignoring nonexistent directory "/usr/lib/gcc-cross/arm-linux-gnueabihf/10/include-fixed"]
  ignore line: [#include "..." search starts here:]
  ignore line: [#include <...> search starts here:]
  ignore line: [ /usr/include]
  ignore line: [ /usr/lib/gcc-cross/arm-linux-gnueabihf/10/../../../../arm-linux-gnueabihf/include/c++/10]
  ignore line: [ /usr/lib/gcc-cross/arm-linux-gnueabihf/10/../../../../arm-linux-gnueabihf/include/c++/10/arm-linux-gnueabihf/.]
  ignore line: [ /usr/lib/gcc-cross/arm-linux-gnueabihf/10/../../../../arm-linux-gnueabihf/include/c++/10/backward]
  ignore line: [ /usr/lib/gcc-cross/arm-linux-gnueabihf/10/include]
  ignore line: [ /usr/lib/gcc-cross/arm-linux-gnueabihf/10/../../../../arm-linux-gnueabihf/include]
  ignore line: [ /src/.snesmini/sysroot/usr/include/arm-linux-gnueabihf]
  ignore line: [ /src/.snesmini/sysroot/usr/include]
  ignore line: [End of search list.]
  ignore line: [GNU C++17 (Debian 10.2.1-6) version 10.2.1 20210110 (arm-linux-gnueabihf)]
  ignore line: [	compiled by GNU C version 10.2.1 20210110  GMP version 6.2.1  MPFR version 4.1.0  MPC version 1.2.0  isl version isl-0.23-GMP]
  ignore line: []
  ignore line: [GGC heuristics: --param ggc-min-expand=100 --param ggc-min-heapsize=131072]
  ignore line: [Compiler executable checksum: 00ac0821cd35ef070c2ae257419c57c4]
  ignore line: [COLLECT_GCC_OPTIONS='-O3' '-U' '_TIME_BITS' '-D' '_TIME_BITS=32' '-D' '_GLIBCXX_USE_CXX11_ABI=0' '-D' 'BMSX_SNESMINI_LEGACY=1' '-fno-sized-deallocation' '-isystem' '/usr/include' '-v' '-std=gnu++17' '-o' 'CMakeFiles/cmTC_651ec.dir/CMakeCXXCompilerABI.cpp.o' '-c' '-shared-libgcc'  '-mfloat-abi=hard' '-mfpu=vfpv3-d16' '-mthumb' '-mtls-dialect=gnu' '-march=armv7-a+fp']
  ignore line: [ /usr/lib/gcc-cross/arm-linux-gnueabihf/10/../../../../arm-linux-gnueabihf/bin/as -v -march=armv7-a -mfloat-abi=hard -mfpu=vfpv3-d16 -meabi=5 -o CMakeFiles/cmTC_651ec.dir/CMakeCXXCompilerABI.cpp.o /tmp/ccc3qw4h.s]
  ignore line: [GNU assembler version 2.35.2 (arm-linux-gnueabihf) using BFD version (GNU Binutils for Debian) 2.35.2]
  ignore line: [COMPILER_PATH=/usr/lib/gcc-cross/arm-linux-gnueabihf/10/:/usr/lib/gcc-cross/arm-linux-gnueabihf/10/:/usr/lib/gcc-cross/arm-linux-gnueabihf/:/usr/lib/gcc-cross/arm-linux-gnueabihf/10/:/usr/lib/gcc-cross/arm-linux-gnueabihf/:/usr/lib/gcc-cross/arm-linux-gnueabihf/10/../../../../arm-linux-gnueabihf/bin/]
  ignore line: [LIBRARY_PATH=/usr/lib/gcc-cross/arm-linux-gnueabihf/10/:/usr/lib/gcc-cross/arm-linux-gnueabihf/10/../../../../arm-linux-gnueabihf/lib/:/src/.snesmini/sysroot/lib/arm-linux-gnueabihf/:/src/.snesmini/sysroot/lib/:/src/.snesmini/sysroot/usr/lib/arm-linux-gnueabihf/:/src/.snesmini/sysroot/usr/lib/]
  ignore line: [COLLECT_GCC_OPTIONS='-O3' '-U' '_TIME_BITS' '-D' '_TIME_BITS=32' '-D' '_GLIBCXX_USE_CXX11_ABI=0' '-D' 'BMSX_SNESMINI_LEGACY=1' '-fno-sized-deallocation' '-isystem' '/usr/include' '-v' '-std=gnu++17' '-o' 'CMakeFiles/cmTC_651ec.dir/CMakeCXXCompilerABI.cpp.o' '-c' '-shared-libgcc'  '-mfloat-abi=hard' '-mfpu=vfpv3-d16' '-mthumb' '-mtls-dialect=gnu' '-march=armv7-a+fp']
  ignore line: [Linking CXX executable cmTC_651ec]
  ignore line: [/usr/bin/cmake -E cmake_link_script CMakeFiles/cmTC_651ec.dir/link.txt --verbose=1]
  ignore line: [/usr/bin/arm-linux-gnueabihf-g++ --sysroot=/src/.snesmini/sysroot -O3 -U_TIME_BITS -D_TIME_BITS=32 -D_GLIBCXX_USE_CXX11_ABI=0 -DBMSX_SNESMINI_LEGACY=1 -fno-sized-deallocation -isystem /usr/include  -L/src/.snesmini/sysroot/usr/lib/arm-linux-gnueabihf -L/src/.snesmini/sysroot/lib/arm-linux-gnueabihf -Wl -rpath-link /src/.snesmini/sysroot/usr/lib/arm-linux-gnueabihf:/src/.snesmini/sysroot/lib/arm-linux-gnueabihf -static-libstdc++ -static-libgcc -v CMakeFiles/cmTC_651ec.dir/CMakeCXXCompilerABI.cpp.o -o cmTC_651ec ]
  ignore line: [Using built-in specs.]
  ignore line: [COLLECT_GCC=/usr/bin/arm-linux-gnueabihf-g++]
  ignore line: [COLLECT_LTO_WRAPPER=/usr/lib/gcc-cross/arm-linux-gnueabihf/10/lto-wrapper]
  ignore line: [Target: arm-linux-gnueabihf]
  ignore line: [Configured with: ../src/configure -v --with-pkgversion='Debian 10.2.1-6' --with-bugurl=file:///usr/share/doc/gcc-10/README.Bugs --enable-languages=c ada c++ go d fortran objc obj-c++ m2 --prefix=/usr --with-gcc-major-version-only --program-suffix=-10 --enable-shared --enable-linker-build-id --libexecdir=/usr/lib --without-included-gettext --enable-threads=posix --libdir=/usr/lib --enable-nls --with-sysroot=/ --enable-clocale=gnu --enable-libstdcxx-debug --enable-libstdcxx-time=yes --with-default-libstdcxx-abi=new --enable-gnu-unique-object --disable-libitm --disable-libquadmath --disable-libquadmath-support --enable-plugin --enable-default-pie --with-system-zlib --enable-libphobos-checking=release --without-target-system-zlib --enable-multiarch --disable-sjlj-exceptions --with-arch=armv7-a --with-fpu=vfpv3-d16 --with-float=hard --with-mode=thumb --disable-werror --enable-checking=release --build=x86_64-linux-gnu --host=x86_64-linux-gnu --target=arm-linux-gnueabihf --program-prefix=arm-linux-gnueabihf- --includedir=/usr/arm-linux-gnueabihf/include --with-build-config=bootstrap-lto-lean --enable-link-mutex]
  ignore line: [Thread model: posix]
  ignore line: [Supported LTO compression algorithms: zlib]
  ignore line: [gcc version 10.2.1 20210110 (Debian 10.2.1-6) ]
  ignore line: [COMPILER_PATH=/usr/lib/gcc-cross/arm-linux-gnueabihf/10/:/usr/lib/gcc-cross/arm-linux-gnueabihf/10/:/usr/lib/gcc-cross/arm-linux-gnueabihf/:/usr/lib/gcc-cross/arm-linux-gnueabihf/10/:/usr/lib/gcc-cross/arm-linux-gnueabihf/:/usr/lib/gcc-cross/arm-linux-gnueabihf/10/../../../../arm-linux-gnueabihf/bin/]
  ignore line: [LIBRARY_PATH=/usr/lib/gcc-cross/arm-linux-gnueabihf/10/:/usr/lib/gcc-cross/arm-linux-gnueabihf/10/../../../../arm-linux-gnueabihf/lib/:/src/.snesmini/sysroot/lib/arm-linux-gnueabihf/:/src/.snesmini/sysroot/lib/:/src/.snesmini/sysroot/usr/lib/arm-linux-gnueabihf/:/src/.snesmini/sysroot/usr/lib/]
  ignore line: [COLLECT_GCC_OPTIONS='-O3' '-U' '_TIME_BITS' '-D' '_TIME_BITS=32' '-D' '_GLIBCXX_USE_CXX11_ABI=0' '-D' 'BMSX_SNESMINI_LEGACY=1' '-fno-sized-deallocation' '-isystem' '/usr/include' '-L/src/.snesmini/sysroot/usr/lib/arm-linux-gnueabihf' '-L/src/.snesmini/sysroot/lib/arm-linux-gnueabihf' '-static-libgcc' '-v' '-o' 'cmTC_651ec'  '-mfloat-abi=hard' '-mfpu=vfpv3-d16' '-mthumb' '-mtls-dialect=gnu' '-march=armv7-a+fp']
  link line: [ /usr/lib/gcc-cross/arm-linux-gnueabihf/10/collect2 -plugin /usr/lib/gcc-cross/arm-linux-gnueabihf/10/liblto_plugin.so -plugin-opt=/usr/lib/gcc-cross/arm-linux-gnueabihf/10/lto-wrapper -plugin-opt=-fresolution=/tmp/cceRhUGK.res -plugin-opt=-pass-through=-lgcc -plugin-opt=-pass-through=-lgcc_eh -plugin-opt=-pass-through=-lc -plugin-opt=-pass-through=-lgcc -plugin-opt=-pass-through=-lgcc_eh --sysroot=/src/.snesmini/sysroot --build-id --eh-frame-hdr -dynamic-linker /lib/ld-linux-armhf.so.3 -X --hash-style=gnu --as-needed -m armelf_linux_eabi -pie -o cmTC_651ec /usr/lib/gcc-cross/arm-linux-gnueabihf/10/../../../../arm-linux-gnueabihf/lib/Scrt1.o /usr/lib/gcc-cross/arm-linux-gnueabihf/10/../../../../arm-linux-gnueabihf/lib/crti.o /usr/lib/gcc-cross/arm-linux-gnueabihf/10/crtbeginS.o -L/src/.snesmini/sysroot/usr/lib/arm-linux-gnueabihf -L/src/.snesmini/sysroot/lib/arm-linux-gnueabihf -L/usr/lib/gcc-cross/arm-linux-gnueabihf/10 -L/usr/lib/gcc-cross/arm-linux-gnueabihf/10/../../../../arm-linux-gnueabihf/lib -L/src/.snesmini/sysroot/lib/arm-linux-gnueabihf -L/src/.snesmini/sysroot/lib -L/src/.snesmini/sysroot/usr/lib/arm-linux-gnueabihf -L/src/.snesmini/sysroot/usr/lib -rpath-link /src/.snesmini/sysroot/usr/lib/arm-linux-gnueabihf:/src/.snesmini/sysroot/lib/arm-linux-gnueabihf CMakeFiles/cmTC_651ec.dir/CMakeCXXCompilerABI.cpp.o -Bstatic -lstdc++ -Bdynamic -lm -lgcc -lgcc_eh -lc -lgcc -lgcc_eh /usr/lib/gcc-cross/arm-linux-gnueabihf/10/crtendS.o /usr/lib/gcc-cross/arm-linux-gnueabihf/10/../../../../arm-linux-gnueabihf/lib/crtn.o]
    arg [/usr/lib/gcc-cross/arm-linux-gnueabihf/10/collect2] ==> ignore
    arg [-plugin] ==> ignore
    arg [/usr/lib/gcc-cross/arm-linux-gnueabihf/10/liblto_plugin.so] ==> ignore
    arg [-plugin-opt=/usr/lib/gcc-cross/arm-linux-gnueabihf/10/lto-wrapper] ==> ignore
    arg [-plugin-opt=-fresolution=/tmp/cceRhUGK.res] ==> ignore
    arg [-plugin-opt=-pass-through=-lgcc] ==> ignore
    arg [-plugin-opt=-pass-through=-lgcc_eh] ==> ignore
    arg [-plugin-opt=-pass-through=-lc] ==> ignore
    arg [-plugin-opt=-pass-through=-lgcc] ==> ignore
    arg [-plugin-opt=-pass-through=-lgcc_eh] ==> ignore
    arg [--sysroot=/src/.snesmini/sysroot] ==> ignore
    arg [--build-id] ==> ignore
    arg [--eh-frame-hdr] ==> ignore
    arg [-dynamic-linker] ==> ignore
    arg [/lib/ld-linux-armhf.so.3] ==> ignore
    arg [-X] ==> ignore
    arg [--hash-style=gnu] ==> ignore
    arg [--as-needed] ==> ignore
    arg [-m] ==> ignore
    arg [armelf_linux_eabi] ==> ignore
    arg [-pie] ==> ignore
    arg [-o] ==> ignore
    arg [cmTC_651ec] ==> ignore
    arg [/usr/lib/gcc-cross/arm-linux-gnueabihf/10/../../../../arm-linux-gnueabihf/lib/Scrt1.o] ==> ignore
    arg [/usr/lib/gcc-cross/arm-linux-gnueabihf/10/../../../../arm-linux-gnueabihf/lib/crti.o] ==> ignore
    arg [/usr/lib/gcc-cross/arm-linux-gnueabihf/10/crtbeginS.o] ==> ignore
    arg [-L/src/.snesmini/sysroot/usr/lib/arm-linux-gnueabihf] ==> dir [/src/.snesmini/sysroot/usr/lib/arm-linux-gnueabihf]
    arg [-L/src/.snesmini/sysroot/lib/arm-linux-gnueabihf] ==> dir [/src/.snesmini/sysroot/lib/arm-linux-gnueabihf]
    arg [-L/usr/lib/gcc-cross/arm-linux-gnueabihf/10] ==> dir [/usr/lib/gcc-cross/arm-linux-gnueabihf/10]
    arg [-L/usr/lib/gcc-cross/arm-linux-gnueabihf/10/../../../../arm-linux-gnueabihf/lib] ==> dir [/usr/lib/gcc-cross/arm-linux-gnueabihf/10/../../../../arm-linux-gnueabihf/lib]
    arg [-L/src/.snesmini/sysroot/lib/arm-linux-gnueabihf] ==> dir [/src/.snesmini/sysroot/lib/arm-linux-gnueabihf]
    arg [-L/src/.snesmini/sysroot/lib] ==> dir [/src/.snesmini/sysroot/lib]
    arg [-L/src/.snesmini/sysroot/usr/lib/arm-linux-gnueabihf] ==> dir [/src/.snesmini/sysroot/usr/lib/arm-linux-gnueabihf]
    arg [-L/src/.snesmini/sysroot/usr/lib] ==> dir [/src/.snesmini/sysroot/usr/lib]
    arg [-rpath-link] ==> ignore
    arg [/src/.snesmini/sysroot/usr/lib/arm-linux-gnueabihf:/src/.snesmini/sysroot/lib/arm-linux-gnueabihf] ==> ignore
    arg [CMakeFiles/cmTC_651ec.dir/CMakeCXXCompilerABI.cpp.o] ==> ignore
    arg [-Bstatic] ==> ignore
    arg [-lstdc++] ==> lib [stdc++]
    arg [-Bdynamic] ==> ignore
    arg [-lm] ==> lib [m]
    arg [-lgcc] ==> lib [gcc]
    arg [-lgcc_eh] ==> lib [gcc_eh]
    arg [-lc] ==> lib [c]
    arg [-lgcc] ==> lib [gcc]
    arg [-lgcc_eh] ==> lib [gcc_eh]
    arg [/usr/lib/gcc-cross/arm-linux-gnueabihf/10/crtendS.o] ==> ignore
    arg [/usr/lib/gcc-cross/arm-linux-gnueabihf/10/../../../../arm-linux-gnueabihf/lib/crtn.o] ==> ignore
  remove lib [gcc_eh]
  remove lib [gcc_eh]
  collapse library dir [/src/.snesmini/sysroot/usr/lib/arm-linux-gnueabihf] ==> [/src/.snesmini/sysroot/usr/lib/arm-linux-gnueabihf]
  collapse library dir [/src/.snesmini/sysroot/lib/arm-linux-gnueabihf] ==> [/src/.snesmini/sysroot/lib/arm-linux-gnueabihf]
  collapse library dir [/usr/lib/gcc-cross/arm-linux-gnueabihf/10] ==> [/usr/lib/gcc-cross/arm-linux-gnueabihf/10]
  collapse library dir [/usr/lib/gcc-cross/arm-linux-gnueabihf/10/../../../../arm-linux-gnueabihf/lib] ==> [/usr/arm-linux-gnueabihf/lib]
  collapse library dir [/src/.snesmini/sysroot/lib/arm-linux-gnueabihf] ==> [/src/.snesmini/sysroot/lib/arm-linux-gnueabihf]
  collapse library dir [/src/.snesmini/sysroot/lib] ==> [/src/.snesmini/sysroot/lib]
  collapse library dir [/src/.snesmini/sysroot/usr/lib/arm-linux-gnueabihf] ==> [/src/.snesmini/sysroot/usr/lib/arm-linux-gnueabihf]
  collapse library dir [/src/.snesmini/sysroot/usr/lib] ==> [/src/.snesmini/sysroot/usr/lib]
  implicit libs: [stdc++;m;gcc;c;gcc]
  implicit dirs: [/src/.snesmini/sysroot/usr/lib/arm-linux-gnueabihf;/src/.snesmini/sysroot/lib/arm-linux-gnueabihf;/usr/lib/gcc-cross/arm-linux-gnueabihf/10;/usr/arm-linux-gnueabihf/lib;/src/.snesmini/sysroot/lib;/src/.snesmini/sysroot/usr/lib]
  implicit fwks: []


